<?xml version="1.0" encoding="UTF-8"?>
<!-- Generated by org.testng.reporters.JUnitXMLReporter -->
<testsuite ignored="0" hostname="LAPTOP-MA577D4O" failures="1" tests="1" name="Login Test" time="19.971" errors="0" timestamp="27 Dec 2023 09:25:18 GMT">
  <testcase classname="Test.GetPriceTest" name="getPrice" time="14.904">
    <failure type="java.lang.AssertionError" message="//p[.=&amp;apos;₹ 6,636per adult&amp;apos;] expected [true] but found [false]">
      <![CDATA[java.lang.AssertionError: //p[.='₹ 6,636per adult'] expected [true] but found [false]
at Test.GetPriceTest.getPrice(GetPriceTest.java:19)
at java.base/java.util.concurrent.ThreadPoolExecutor.runWorker(ThreadPoolExecutor.java:1128)
at java.base/java.util.concurrent.ThreadPoolExecutor$Worker.run(ThreadPoolExecutor.java:628)
at java.base/java.lang.Thread.run(Thread.java:834)
... Removed 13 stack frames]]>
    </failure>
  </testcase> <!-- getPrice -->
</testsuite> <!-- Login Test -->
